<?xml version="1.0" encoding="UTF-8"?>
<testng-results ignored="0" total="1" passed="1" failed="0" skipped="0">
  <reporter-output>
  </reporter-output>
  <suite started-at="2021-02-12T08:38:22 EST" name="Default suite" finished-at="2021-02-12T08:38:31 EST" duration-ms="9183">
    <groups>
    </groups>
    <test started-at="2021-02-12T08:38:22 EST" name="Default test" finished-at="2021-02-12T08:38:31 EST" duration-ms="9183">
      <class name="smoketests.LoginPresentTestNG">
        <test-method signature="loginElementsPresentTest()[pri:0, instance:smoketests.LoginPresentTestNG@1dac5ef]" started-at="2021-02-12T08:38:22 EST" name="loginElementsPresentTest" finished-at="2021-02-12T08:38:31 EST" duration-ms="9132" status="PASS">
          <reporter-output>
          </reporter-output>
        </test-method> <!-- loginElementsPresentTest -->
      </class> <!-- smoketests.LoginPresentTestNG -->
    </test> <!-- Default test -->
  </suite> <!-- Default suite -->
</testng-results>
